<?xml version="1.0" encoding="UTF-8"?>
<!-- Generated by org.testng.reporters.JUnitReportReporter -->
<testsuite hostname="NE46Rs" failures="0" tests="2" name="Design.Framework.HomePage" time="53.399" errors="0" timestamp="2021-04-01T18:13:48 IST" skipped="0">
  <testcase classname="Design.Framework.HomePage" name="basePageNavigation" time="30.826"/>
  <system-out/>
  <testcase classname="Design.Framework.HomePage" name="basePageNavigation" time="22.573"/>
  <system-out/>
</testsuite> <!-- Design.Framework.HomePage -->
