<?xml version="1.0" encoding="UTF-8"?>
<!-- Generated by org.testng.reporters.JUnitReportReporter -->
<testsuite hostname="NE46Rs" failures="0" tests="1" name="Design.Framework.ValidateContents" time="29.693" errors="0" timestamp="2021-04-01T18:13:48 IST" skipped="0">
  <testcase classname="Design.Framework.ValidateContents" name="basePageNavigation" time="29.693"/>
  <system-out/>
</testsuite> <!-- Design.Framework.ValidateContents -->
